[20:24:01] [main/ERROR]: Failed to load properties from file: server.properties
[20:24:01] [main/WARN]: Failed to load eula.txt
[20:24:10] [Server thread/INFO]: Starting minecraft server version 1.15.2
[20:24:10] [Server thread/INFO]: Loading properties
[20:24:11] [Server thread/INFO]: This server is running CraftBukkit version git-Spigot-a99063f-8731c97 (MC: 1.15.2) (Implementing API version 1.15.2-R0.1-SNAPSHOT)
[20:24:11] [Server thread/INFO]: Server Ping Player Sample Count: 12
[20:24:11] [Server thread/INFO]: Using 4 threads for Netty based IO
[20:24:11] [Server thread/INFO]: Debug logging is disabled
[20:24:11] [Server thread/INFO]: Default game type: SURVIVAL
[20:24:11] [Server thread/INFO]: Generating keypair
[20:24:14] [Server thread/INFO]: Starting Minecraft server on *:25565
[20:24:14] [Server thread/INFO]: Using epoll channel type
[20:24:14] [Server thread/INFO]: Preparing level "world"
[20:24:14] [Server thread/INFO]: Found new data pack file/bukkit, loading it automatically
[20:24:14] [Server thread/INFO]: Found new data pack vanilla, loading it automatically
[20:24:14] [Server thread/INFO]: Reloading ResourceManager: Default, bukkit
[20:24:15] [Server thread/INFO]: Loaded 6 recipes
[20:24:15] [Server thread/INFO]: -------- World Settings For [world] --------
[20:24:15] [Server thread/INFO]: Mob Spawn Range: 6
[20:24:15] [Server thread/INFO]: Experience Merge Radius: 3.0
[20:24:15] [Server thread/INFO]: Cactus Growth Modifier: 100%
[20:24:15] [Server thread/INFO]: Cane Growth Modifier: 100%
[20:24:15] [Server thread/INFO]: Melon Growth Modifier: 100%
[20:24:15] [Server thread/INFO]: Mushroom Growth Modifier: 100%
[20:24:15] [Server thread/INFO]: Pumpkin Growth Modifier: 100%
[20:24:15] [Server thread/INFO]: Sapling Growth Modifier: 100%
[20:24:15] [Server thread/INFO]: Beetroot Growth Modifier: 100%
[20:24:15] [Server thread/INFO]: Carrot Growth Modifier: 100%
[20:24:15] [Server thread/INFO]: Potato Growth Modifier: 100%
[20:24:15] [Server thread/INFO]: Wheat Growth Modifier: 100%
[20:24:15] [Server thread/INFO]: NetherWart Growth Modifier: 100%
[20:24:15] [Server thread/INFO]: Vine Growth Modifier: 100%
[20:24:15] [Server thread/INFO]: Cocoa Growth Modifier: 100%
[20:24:15] [Server thread/INFO]: Bamboo Growth Modifier: 100%
[20:24:15] [Server thread/INFO]: SweetBerry Growth Modifier: 100%
[20:24:15] [Server thread/INFO]: Kelp Growth Modifier: 100%
[20:24:15] [Server thread/INFO]: Entity Activation Range: An 32 / Mo 32 / Ra 48 / Mi 16 / Tiv true
[20:24:15] [Server thread/INFO]: Entity Tracking Range: Pl 48 / An 48 / Mo 48 / Mi 32 / Other 64
[20:24:15] [Server thread/INFO]: Hopper Transfer: 8 Hopper Check: 1 Hopper Amount: 1
[20:24:15] [Server thread/INFO]: Custom Map Seeds:  Village: 10387312 Desert: 14357617 Igloo: 14357618 Jungle: 14357619 Swamp: 14357620 Monument: 10387313 Ocean: 14357621 Shipwreck: 165745295 End City: 10387313 Slime: 987234911
[20:24:15] [Server thread/INFO]: Max TNT Explosions: 100
[20:24:15] [Server thread/INFO]: Tile Max Tick Time: 50ms Entity max Tick Time: 50ms
[20:24:15] [Server thread/INFO]: View Distance: 10
[20:24:15] [Server thread/INFO]: Item Merge Radius: 2.5
[20:24:15] [Server thread/INFO]: Item Despawn Rate: 6000
[20:24:15] [Server thread/INFO]: Allow Zombie Pigmen to spawn from portal blocks: true
[20:24:15] [Server thread/INFO]: Arrow Despawn Rate: 1200 Trident Respawn Rate:1200
[20:24:15] [Server thread/INFO]: Zombie Aggressive Towards Villager: true
[20:24:15] [Server thread/INFO]: Nerfing mobs spawned from spawners: false
[20:24:19] [Server thread/INFO]: -------- World Settings For [world_nether] --------
[20:24:19] [Server thread/INFO]: Mob Spawn Range: 6
[20:24:19] [Server thread/INFO]: Experience Merge Radius: 3.0
[20:24:19] [Server thread/INFO]: Cactus Growth Modifier: 100%
[20:24:19] [Server thread/INFO]: Cane Growth Modifier: 100%
[20:24:19] [Server thread/INFO]: Melon Growth Modifier: 100%
[20:24:19] [Server thread/INFO]: Mushroom Growth Modifier: 100%
[20:24:19] [Server thread/INFO]: Pumpkin Growth Modifier: 100%
[20:24:19] [Server thread/INFO]: Sapling Growth Modifier: 100%
[20:24:19] [Server thread/INFO]: Beetroot Growth Modifier: 100%
[20:24:19] [Server thread/INFO]: Carrot Growth Modifier: 100%
[20:24:19] [Server thread/INFO]: Potato Growth Modifier: 100%
[20:24:19] [Server thread/INFO]: Wheat Growth Modifier: 100%
[20:24:19] [Server thread/INFO]: NetherWart Growth Modifier: 100%
[20:24:19] [Server thread/INFO]: Vine Growth Modifier: 100%
[20:24:19] [Server thread/INFO]: Cocoa Growth Modifier: 100%
[20:24:19] [Server thread/INFO]: Bamboo Growth Modifier: 100%
[20:24:19] [Server thread/INFO]: SweetBerry Growth Modifier: 100%
[20:24:19] [Server thread/INFO]: Kelp Growth Modifier: 100%
[20:24:19] [Server thread/INFO]: Entity Activation Range: An 32 / Mo 32 / Ra 48 / Mi 16 / Tiv true
[20:24:19] [Server thread/INFO]: Entity Tracking Range: Pl 48 / An 48 / Mo 48 / Mi 32 / Other 64
[20:24:19] [Server thread/INFO]: Hopper Transfer: 8 Hopper Check: 1 Hopper Amount: 1
[20:24:19] [Server thread/INFO]: Custom Map Seeds:  Village: 10387312 Desert: 14357617 Igloo: 14357618 Jungle: 14357619 Swamp: 14357620 Monument: 10387313 Ocean: 14357621 Shipwreck: 165745295 End City: 10387313 Slime: 987234911
[20:24:19] [Server thread/INFO]: Max TNT Explosions: 100
[20:24:19] [Server thread/INFO]: Tile Max Tick Time: 50ms Entity max Tick Time: 50ms
[20:24:19] [Server thread/INFO]: View Distance: 10
[20:24:19] [Server thread/INFO]: Item Merge Radius: 2.5
[20:24:19] [Server thread/INFO]: Item Despawn Rate: 6000
[20:24:19] [Server thread/INFO]: Allow Zombie Pigmen to spawn from portal blocks: true
[20:24:19] [Server thread/INFO]: Arrow Despawn Rate: 1200 Trident Respawn Rate:1200
[20:24:19] [Server thread/INFO]: Zombie Aggressive Towards Villager: true
[20:24:19] [Server thread/INFO]: Nerfing mobs spawned from spawners: false
[20:24:19] [Server thread/INFO]: -------- World Settings For [world_the_end] --------
[20:24:19] [Server thread/INFO]: Mob Spawn Range: 6
[20:24:19] [Server thread/INFO]: Experience Merge Radius: 3.0
[20:24:19] [Server thread/INFO]: Cactus Growth Modifier: 100%
[20:24:19] [Server thread/INFO]: Cane Growth Modifier: 100%
[20:24:19] [Server thread/INFO]: Melon Growth Modifier: 100%
[20:24:19] [Server thread/INFO]: Mushroom Growth Modifier: 100%
[20:24:19] [Server thread/INFO]: Pumpkin Growth Modifier: 100%
[20:24:19] [Server thread/INFO]: Sapling Growth Modifier: 100%
[20:24:19] [Server thread/INFO]: Beetroot Growth Modifier: 100%
[20:24:19] [Server thread/INFO]: Carrot Growth Modifier: 100%
[20:24:19] [Server thread/INFO]: Potato Growth Modifier: 100%
[20:24:19] [Server thread/INFO]: Wheat Growth Modifier: 100%
[20:24:19] [Server thread/INFO]: NetherWart Growth Modifier: 100%
[20:24:19] [Server thread/INFO]: Vine Growth Modifier: 100%
[20:24:19] [Server thread/INFO]: Cocoa Growth Modifier: 100%
[20:24:19] [Server thread/INFO]: Bamboo Growth Modifier: 100%
[20:24:19] [Server thread/INFO]: SweetBerry Growth Modifier: 100%
[20:24:19] [Server thread/INFO]: Kelp Growth Modifier: 100%
[20:24:19] [Server thread/INFO]: Entity Activation Range: An 32 / Mo 32 / Ra 48 / Mi 16 / Tiv true
[20:24:19] [Server thread/INFO]: Entity Tracking Range: Pl 48 / An 48 / Mo 48 / Mi 32 / Other 64
[20:24:19] [Server thread/INFO]: Hopper Transfer: 8 Hopper Check: 1 Hopper Amount: 1
[20:24:19] [Server thread/INFO]: Custom Map Seeds:  Village: 10387312 Desert: 14357617 Igloo: 14357618 Jungle: 14357619 Swamp: 14357620 Monument: 10387313 Ocean: 14357621 Shipwreck: 165745295 End City: 10387313 Slime: 987234911
[20:24:19] [Server thread/INFO]: Max TNT Explosions: 100
[20:24:19] [Server thread/INFO]: Tile Max Tick Time: 50ms Entity max Tick Time: 50ms
[20:24:19] [Server thread/INFO]: View Distance: 10
[20:24:19] [Server thread/INFO]: Item Merge Radius: 2.5
[20:24:19] [Server thread/INFO]: Item Despawn Rate: 6000
[20:24:19] [Server thread/INFO]: Allow Zombie Pigmen to spawn from portal blocks: true
[20:24:19] [Server thread/INFO]: Arrow Despawn Rate: 1200 Trident Respawn Rate:1200
[20:24:19] [Server thread/INFO]: Zombie Aggressive Towards Villager: true
[20:24:19] [Server thread/INFO]: Nerfing mobs spawned from spawners: false
[20:24:19] [Server thread/INFO]: Preparing start region for dimension 'world'/minecraft:overworld
[20:24:19] [Server-Worker-6/INFO]: Preparing spawn area: 0%
[20:24:19] [Server-Worker-7/INFO]: Preparing spawn area: 0%
[20:24:20] [Server-Worker-1/INFO]: Preparing spawn area: 0%
[20:24:20] [Server-Worker-2/INFO]: Preparing spawn area: 0%
[20:24:21] [Server-Worker-2/INFO]: Preparing spawn area: 4%
[20:24:21] [Server-Worker-6/INFO]: Preparing spawn area: 7%
[20:24:22] [Server-Worker-7/INFO]: Preparing spawn area: 13%
[20:24:22] [Server-Worker-7/INFO]: Preparing spawn area: 18%
[20:24:23] [Server-Worker-1/INFO]: Preparing spawn area: 23%
[20:24:23] [Server-Worker-2/INFO]: Preparing spawn area: 29%
[20:24:24] [Server-Worker-5/INFO]: Preparing spawn area: 36%
[20:24:24] [Server-Worker-3/INFO]: Preparing spawn area: 44%
[20:24:25] [Server-Worker-1/INFO]: Preparing spawn area: 55%
[20:24:25] [Server-Worker-1/INFO]: Preparing spawn area: 64%
[20:24:26] [Server-Worker-4/INFO]: Preparing spawn area: 73%
[20:24:26] [Server-Worker-7/INFO]: Preparing spawn area: 82%
[20:24:27] [Server-Worker-6/INFO]: Preparing spawn area: 92%
[20:24:27] [Server thread/INFO]: Time elapsed: 8372 ms
[20:24:27] [Server thread/INFO]: Preparing start region for dimension 'world_nether'/minecraft:the_nether
[20:24:27] [Server-Worker-2/INFO]: Preparing spawn area: 0%
[20:24:28] [Server-Worker-1/INFO]: Preparing spawn area: 0%
[20:24:28] [Server-Worker-2/INFO]: Preparing spawn area: 9%
[20:24:29] [Server-Worker-6/INFO]: Preparing spawn area: 22%
[20:24:29] [Server-Worker-3/INFO]: Preparing spawn area: 28%
[20:24:30] [Server-Worker-4/INFO]: Preparing spawn area: 36%
[20:24:30] [Server-Worker-5/INFO]: Preparing spawn area: 48%
[20:24:31] [Server-Worker-4/INFO]: Preparing spawn area: 61%
[20:24:31] [Server-Worker-3/INFO]: Preparing spawn area: 82%
[20:24:31] [Server thread/INFO]: Time elapsed: 4490 ms
[20:24:31] [Server thread/INFO]: Preparing start region for dimension 'world_the_end'/minecraft:the_end
[20:24:32] [Server-Worker-5/INFO]: Preparing spawn area: 0%
[20:24:32] [Server-Worker-3/INFO]: Preparing spawn area: 1%
[20:24:32] [Server-Worker-3/INFO]: Preparing spawn area: 35%
[20:24:33] [Server-Worker-1/INFO]: Preparing spawn area: 74%
[20:24:33] [Server thread/INFO]: Time elapsed: 1693 ms
[20:24:33] [Server thread/INFO]: Done (19.407s)! For help, type "help"
